<?xml version="1.0" encoding="UTF-8"?>
<!-- Generated by org.testng.reporters.JUnitReportReporter -->
<testsuite skipped="0" hostname="ASDW0012" name="testingNg.testng.DataProviders" tests="1" failures="0" timestamp="27 Feb 2019 05:01:08 GMT" time="0.912" errors="0">
  <testcase name="validateResult" time="0.912" classname="testingNg.testng.DataProviders"/>
</testsuite> <!-- testingNg.testng.DataProviders -->
