<?xml version="1.0" encoding="UTF-8"?>
<!-- Generated by org.testng.reporters.JUnitReportReporter -->
<testsuite skipped="0" hostname="ASDW0012" name="testingNg.testng.AppTest" tests="1" failures="0" timestamp="28 Feb 2019 08:36:17 GMT" time="6.264" errors="0">
  <testcase name="queryInsertion" time="6.264" classname="testingNg.testng.AppTest"/>
</testsuite> <!-- testingNg.testng.AppTest -->
