<?xml version="1.0" encoding="UTF-8"?>
<!-- Generated by org.testng.reporters.JUnitReportReporter -->
<testsuite skipped="0" hostname="ASDW0012" name="testingNg.testng.AppTest" tests="2" failures="0" timestamp="27 Feb 2019 09:07:51 GMT" time="1.593" errors="0">
  <testcase name="validateResult" time="0.198" classname="testingNg.testng.AppTest"/>
  <testcase name="queryInsertion" time="1.395" classname="testingNg.testng.AppTest"/>
</testsuite> <!-- testingNg.testng.AppTest -->
